{"/Users/hyeonbaekong/Projects/nestjs-api/src/app.controller.ts": {"path":"/Users/hyeonbaekong/Projects/nestjs-api/src/app.controller.ts","statementMap":{"0":{"start":{"line":1,"column":0},"end":{"line":1,"column":47}},"1":{"start":{"line":4,"column":0},"end":{"line":10,"column":null}},"2":{"start":{"line":7,"column":8},"end":{"line":7,"column":null}},"3":{"start":{"line":6,"column":4},"end":{"line":8,"column":null}},"4":{"start":{"line":4,"column":13},"end":{"line":10,"column":null}},"5":{"start":{"line":4,"column":13},"end":{"line":4,"column":26}}},"fnMap":{"0":{"name":"(anonymous_2)","decl":{"start":{"line":6,"column":4},"end":{"line":6,"column":8}},"loc":{"start":{"line":6,"column":8},"end":{"line":8,"column":5}}}},"branchMap":{},"s":{"0":0,"1":0,"2":0,"3":0,"4":0,"5":0},"f":{"0":0},"b":{}}
,"/Users/hyeonbaekong/Projects/nestjs-api/src/app.module.ts": {"path":"/Users/hyeonbaekong/Projects/nestjs-api/src/app.module.ts","statementMap":{"0":{"start":{"line":1,"column":0},"end":{"line":1,"column":40}},"1":{"start":{"line":2,"column":0},"end":{"line":2,"column":53}},"2":{"start":{"line":3,"column":0},"end":{"line":3,"column":49}},"3":{"start":{"line":10,"column":0},"end":{"line":10,"column":null}},"4":{"start":{"line":10,"column":13},"end":{"line":10,"column":null}},"5":{"start":{"line":10,"column":13},"end":{"line":10,"column":22}}},"fnMap":{},"branchMap":{},"s":{"0":0,"1":0,"2":0,"3":0,"4":0,"5":0},"f":{},"b":{}}
,"/Users/hyeonbaekong/Projects/nestjs-api/src/main.ts": {"path":"/Users/hyeonbaekong/Projects/nestjs-api/src/main.ts","statementMap":{"0":{"start":{"line":1,"column":0},"end":{"line":1,"column":43}},"1":{"start":{"line":2,"column":0},"end":{"line":2,"column":41}},"2":{"start":{"line":3,"column":0},"end":{"line":3,"column":48}},"3":{"start":{"line":6,"column":14},"end":{"line":6,"column":49}},"4":{"start":{"line":7,"column":2},"end":{"line":13,"column":4}},"5":{"start":{"line":14,"column":2},"end":{"line":14,"column":25}},"6":{"start":{"line":16,"column":0},"end":{"line":16,"column":12}}},"fnMap":{"0":{"name":"bootstrap","decl":{"start":{"line":5,"column":15},"end":{"line":5,"column":24}},"loc":{"start":{"line":5,"column":24},"end":{"line":15,"column":1}}}},"branchMap":{},"s":{"0":0,"1":0,"2":0,"3":0,"4":0,"5":0,"6":0},"f":{"0":0},"b":{}}
,"/Users/hyeonbaekong/Projects/nestjs-api/src/movies/movies.controller.ts": {"path":"/Users/hyeonbaekong/Projects/nestjs-api/src/movies/movies.controller.ts","statementMap":{"0":{"start":{"line":1,"column":0},"end":{"line":1,"column":null}},"1":{"start":{"line":10,"column":0},"end":{"line":10,"column":49}},"2":{"start":{"line":11,"column":0},"end":{"line":11,"column":48}},"3":{"start":{"line":12,"column":0},"end":{"line":12,"column":56}},"4":{"start":{"line":13,"column":0},"end":{"line":13,"column":56}},"5":{"start":{"line":16,"column":0},"end":{"line":43,"column":null}},"6":{"start":{"line":17,"column":33},"end":{"line":17,"column":48}},"7":{"start":{"line":21,"column":8},"end":{"line":21,"column":43}},"8":{"start":{"line":26,"column":8},"end":{"line":26,"column":50}},"9":{"start":{"line":31,"column":8},"end":{"line":31,"column":52}},"10":{"start":{"line":36,"column":8},"end":{"line":36,"column":53}},"11":{"start":{"line":41,"column":8},"end":{"line":41,"column":62}},"12":{"start":{"line":20,"column":4},"end":{"line":22,"column":null}},"13":{"start":{"line":25,"column":4},"end":{"line":27,"column":null}},"14":{"start":{"line":30,"column":4},"end":{"line":32,"column":null}},"15":{"start":{"line":35,"column":4},"end":{"line":37,"column":null}},"16":{"start":{"line":40,"column":4},"end":{"line":42,"column":null}},"17":{"start":{"line":16,"column":13},"end":{"line":43,"column":null}},"18":{"start":{"line":16,"column":13},"end":{"line":16,"column":29}}},"fnMap":{"0":{"name":"(anonymous_4)","decl":{"start":{"line":17,"column":4},"end":{"line":17,"column":33}},"loc":{"start":{"line":17,"column":61},"end":{"line":17,"column":65}}},"1":{"name":"(anonymous_5)","decl":{"start":{"line":20,"column":4},"end":{"line":20,"column":10}},"loc":{"start":{"line":20,"column":10},"end":{"line":22,"column":5}}},"2":{"name":"(anonymous_6)","decl":{"start":{"line":25,"column":4},"end":{"line":25,"column":10}},"loc":{"start":{"line":25,"column":39},"end":{"line":27,"column":5}}},"3":{"name":"(anonymous_7)","decl":{"start":{"line":30,"column":4},"end":{"line":30,"column":10}},"loc":{"start":{"line":30,"column":44},"end":{"line":32,"column":5}}},"4":{"name":"(anonymous_8)","decl":{"start":{"line":35,"column":4},"end":{"line":35,"column":10}},"loc":{"start":{"line":35,"column":39},"end":{"line":37,"column":5}}},"5":{"name":"(anonymous_9)","decl":{"start":{"line":40,"column":4},"end":{"line":40,"column":9}},"loc":{"start":{"line":40,"column":74},"end":{"line":42,"column":5}}}},"branchMap":{},"s":{"0":0,"1":0,"2":0,"3":0,"4":0,"5":0,"6":0,"7":0,"8":0,"9":0,"10":0,"11":0,"12":0,"13":0,"14":0,"15":0,"16":0,"17":0,"18":0},"f":{"0":0,"1":0,"2":0,"3":0,"4":0,"5":0},"b":{}}
,"/Users/hyeonbaekong/Projects/nestjs-api/src/movies/movies.module.ts": {"path":"/Users/hyeonbaekong/Projects/nestjs-api/src/movies/movies.module.ts","statementMap":{"0":{"start":{"line":1,"column":0},"end":{"line":1,"column":40}},"1":{"start":{"line":2,"column":0},"end":{"line":2,"column":49}},"2":{"start":{"line":3,"column":0},"end":{"line":3,"column":53}},"3":{"start":{"line":9,"column":0},"end":{"line":9,"column":null}},"4":{"start":{"line":9,"column":13},"end":{"line":9,"column":null}},"5":{"start":{"line":9,"column":13},"end":{"line":9,"column":25}}},"fnMap":{},"branchMap":{},"s":{"0":0,"1":0,"2":0,"3":0,"4":0,"5":0},"f":{},"b":{}}
,"/Users/hyeonbaekong/Projects/nestjs-api/src/movies/movies.service.ts": {"path":"/Users/hyeonbaekong/Projects/nestjs-api/src/movies/movies.service.ts","statementMap":{"0":{"start":{"line":1,"column":0},"end":{"line":1,"column":63}},"1":{"start":{"line":7,"column":0},"end":{"line":39,"column":null}},"2":{"start":{"line":8,"column":12},"end":{"line":8,"column":33}},"3":{"start":{"line":11,"column":8},"end":{"line":11,"column":27}},"4":{"start":{"line":15,"column":22},"end":{"line":15,"column":64}},"5":{"start":{"line":15,"column":48},"end":{"line":15,"column":63}},"6":{"start":{"line":16,"column":8},"end":{"line":18,"column":null}},"7":{"start":{"line":17,"column":12},"end":{"line":17,"column":74}},"8":{"start":{"line":19,"column":8},"end":{"line":19,"column":21}},"9":{"start":{"line":23,"column":8},"end":{"line":23,"column":24}},"10":{"start":{"line":24,"column":8},"end":{"line":24,"column":67}},"11":{"start":{"line":24,"column":50},"end":{"line":24,"column":65}},"12":{"start":{"line":28,"column":8},"end":{"line":31,"column":11}},"13":{"start":{"line":35,"column":22},"end":{"line":35,"column":37}},"14":{"start":{"line":36,"column":8},"end":{"line":36,"column":27}},"15":{"start":{"line":37,"column":8},"end":{"line":37,"column":54}},"16":{"start":{"line":7,"column":13},"end":{"line":39,"column":null}},"17":{"start":{"line":7,"column":13},"end":{"line":7,"column":26}}},"fnMap":{"0":{"name":"(anonymous_1)","decl":{"start":{"line":7,"column":0},"end":{"line":7,"column":13}},"loc":{"start":{"line":7,"column":0},"end":{"line":39,"column":1}}},"1":{"name":"(anonymous_2)","decl":{"start":{"line":10,"column":4},"end":{"line":10,"column":10}},"loc":{"start":{"line":10,"column":10},"end":{"line":12,"column":5}}},"2":{"name":"(anonymous_3)","decl":{"start":{"line":14,"column":4},"end":{"line":14,"column":10}},"loc":{"start":{"line":14,"column":21},"end":{"line":20,"column":5}}},"3":{"name":"(anonymous_4)","decl":{"start":{"line":15,"column":39},"end":{"line":15,"column":44}},"loc":{"start":{"line":15,"column":48},"end":{"line":15,"column":63}}},"4":{"name":"(anonymous_5)","decl":{"start":{"line":22,"column":4},"end":{"line":22,"column":13}},"loc":{"start":{"line":22,"column":24},"end":{"line":25,"column":5}}},"5":{"name":"(anonymous_6)","decl":{"start":{"line":24,"column":41},"end":{"line":24,"column":46}},"loc":{"start":{"line":24,"column":50},"end":{"line":24,"column":65}}},"6":{"name":"(anonymous_7)","decl":{"start":{"line":27,"column":4},"end":{"line":27,"column":10}},"loc":{"start":{"line":27,"column":36},"end":{"line":32,"column":5}}},"7":{"name":"(anonymous_8)","decl":{"start":{"line":34,"column":4},"end":{"line":34,"column":10}},"loc":{"start":{"line":34,"column":49},"end":{"line":38,"column":5}}}},"branchMap":{"0":{"loc":{"start":{"line":16,"column":8},"end":{"line":18,"column":null}},"type":"if","locations":[{"start":{"line":16,"column":8},"end":{"line":18,"column":null}},{"start":{"line":16,"column":8},"end":{"line":18,"column":null}}]}},"s":{"0":1,"1":1,"2":1,"3":0,"4":0,"5":0,"6":0,"7":0,"8":0,"9":0,"10":0,"11":0,"12":0,"13":0,"14":0,"15":0,"16":1,"17":1},"f":{"0":1,"1":0,"2":0,"3":0,"4":0,"5":0,"6":0,"7":0},"b":{"0":[0,0]}}
,"/Users/hyeonbaekong/Projects/nestjs-api/src/movies/dto/create-movie.dto.ts": {"path":"/Users/hyeonbaekong/Projects/nestjs-api/src/movies/dto/create-movie.dto.ts","statementMap":{"0":{"start":{"line":1,"column":0},"end":{"line":1,"column":53}},"1":{"start":{"line":5,"column":4},"end":{"line":5,"column":null}},"2":{"start":{"line":8,"column":4},"end":{"line":8,"column":null}},"3":{"start":{"line":11,"column":4},"end":{"line":11,"column":null}},"4":{"start":{"line":3,"column":0},"end":{"line":3,"column":13}}},"fnMap":{},"branchMap":{},"s":{"0":0,"1":0,"2":0,"3":0,"4":0},"f":{},"b":{}}
,"/Users/hyeonbaekong/Projects/nestjs-api/src/movies/dto/update-movie.dto.ts": {"path":"/Users/hyeonbaekong/Projects/nestjs-api/src/movies/dto/update-movie.dto.ts","statementMap":{"0":{"start":{"line":2,"column":0},"end":{"line":2,"column":50}},"1":{"start":{"line":3,"column":0},"end":{"line":3,"column":51}},"2":{"start":{"line":16,"column":0},"end":{"line":16,"column":13}}},"fnMap":{},"branchMap":{},"s":{"0":0,"1":0,"2":0},"f":{},"b":{}}
,"/Users/hyeonbaekong/Projects/nestjs-api/src/movies/entities/movie.entity.ts": {"path":"/Users/hyeonbaekong/Projects/nestjs-api/src/movies/entities/movie.entity.ts","statementMap":{"0":{"start":{"line":1,"column":0},"end":{"line":1,"column":13}}},"fnMap":{},"branchMap":{},"s":{"0":0},"f":{},"b":{}}
}
